Base path: /home/qkrisi/unitygood/Editor/Data
Cmd: initializeCompiler
Cmd: preprocess
  insize=1251 outsize=602 ok=1
Cmd: preprocess
  insize=1526 outsize=1151 ok=1
Cmd: preprocess
  insize=1136 outsize=472 ok=1
Cmd: preprocess
  insize=798 outsize=1411 ok=1
Cmd: preprocess
  insize=1724 outsize=812 ok=1
Cmd: preprocess
  insize=1539 outsize=1177 ok=1
Cmd: preprocess
  insize=1004 outsize=1094 ok=1
Cmd: preprocess
  insize=1157 outsize=413 ok=1
Cmd: preprocess
  insize=425 outsize=422 ok=1
Cmd: preprocess
  insize=695 outsize=1177 ok=1
Cmd: preprocess
  insize=2086 outsize=726 ok=1
Cmd: preprocess
  insize=734 outsize=1371 ok=1
Cmd: compileSnippet
  api=15 type=0 insize=11209 outsize=10157 kw=SHADOWS_SPLIT_SPHERES SHADOWS_SINGLE_CASCADE pd=UNITY_ENABLE_REFLECTION_BUFFERS UNITY_USE_DITHER_MASK_FOR_ALPHABLENDED_SHADOWS UNITY_PBS_USE_BRDF1 UNITY_SPECCUBE_BOX_PROJECTION UNITY_SPECCUBE_BLENDING UNITY_ENABLE_DETAIL_NORMALMAP SHADER_API_DESKTOP UNITY_COLORSPACE_GAMMA UNITY_LIGHT_PROBE_PROXY_VOLUME UNITY_LIGHTMAP_RGBM_ENCODING ok=1
Cmd: compileSnippet
  api=15 type=1 insize=11209 outsize=0 kw=SHADOWS_SPLIT_SPHERES SHADOWS_SINGLE_CASCADE pd=UNITY_ENABLE_REFLECTION_BUFFERS UNITY_USE_DITHER_MASK_FOR_ALPHABLENDED_SHADOWS UNITY_PBS_USE_BRDF1 UNITY_SPECCUBE_BOX_PROJECTION UNITY_SPECCUBE_BLENDING UNITY_ENABLE_DETAIL_NORMALMAP SHADER_API_DESKTOP UNITY_COLORSPACE_GAMMA UNITY_LIGHT_PROBE_PROXY_VOLUME UNITY_LIGHTMAP_RGBM_ENCODING ok=1
